[2025-02-03 21:40:43] local.ERROR: SQLSTATE[HY000] [2002] Connection refused (Connection: mysql, SQL: select exists (select 1 from information_schema.tables where table_schema = 'yisutravelbackend' and table_name = 'migrations' and table_type in ('BASE TABLE', 'SYSTEM VERSIONED')) as `exists`) {"exception":"[object] (Illuminate\\Database\\QueryException(code: 2002): SQLSTATE[HY000] [2002] Connection refused (Connection: mysql, SQL: select exists (select 1 from information_schema.tables where table_schema = 'yisutravelbackend' and table_name = 'migrations' and table_type in ('BASE TABLE', 'SYSTEM VERSIONED')) as `exists`) at /homepages/42/d511037246/htdocs/clickandbuilds/BackendAPI/vendor/laravel/framework/src/Illuminate/Database/Connection.php:825)
[stacktrace]
#0 /homepages/42/d511037246/htdocs/clickandbuilds/BackendAPI/vendor/laravel/framework/src/Illuminate/Database/Connection.php(979): Illuminate\\Database\\Connection->runQueryCallback()
#1 /homepages/42/d511037246/htdocs/clickandbuilds/BackendAPI/vendor/laravel/framework/src/Illuminate/Database/Connection.php(958): Illuminate\\Database\\Connection->tryAgainIfCausedByLostConnection()
#2 /homepages/42/d511037246/htdocs/clickandbuilds/BackendAPI/vendor/laravel/framework/src/Illuminate/Database/Connection.php(781): Illuminate\\Database\\Connection->handleQueryException()
#3 /homepages/42/d511037246/htdocs/clickandbuilds/BackendAPI/vendor/laravel/framework/src/Illuminate/Database/Connection.php(398): Illuminate\\Database\\Connection->run()
#4 /homepages/42/d511037246/htdocs/clickandbuilds/BackendAPI/vendor/laravel/framework/src/Illuminate/Database/Connection.php(344): Illuminate\\Database\\Connection->select()
#5 /homepages/42/d511037246/htdocs/clickandbuilds/BackendAPI/vendor/laravel/framework/src/Illuminate/Database/Connection.php(361): Illuminate\\Database\\Connection->selectOne()
#6 /homepages/42/d511037246/htdocs/clickandbuilds/BackendAPI/vendor/laravel/framework/src/Illuminate/Database/Schema/MySqlBuilder.php(45): Illuminate\\Database\\Connection->scalar()
#7 /homepages/42/d511037246/htdocs/clickandbuilds/BackendAPI/vendor/laravel/framework/src/Illuminate/Database/Migrations/DatabaseMigrationRepository.php(184): Illuminate\\Database\\Schema\\MySqlBuilder->hasTable()
#8 /homepages/42/d511037246/htdocs/clickandbuilds/BackendAPI/vendor/laravel/framework/src/Illuminate/Database/Migrations/Migrator.php(681): Illuminate\\Database\\Migrations\\DatabaseMigrationRepository->repositoryExists()
#9 /homepages/42/d511037246/htdocs/clickandbuilds/BackendAPI/vendor/laravel/framework/src/Illuminate/Database/Console/Migrations/ResetCommand.php(67): Illuminate\\Database\\Migrations\\Migrator->repositoryExists()
#10 /homepages/42/d511037246/htdocs/clickandbuilds/BackendAPI/vendor/laravel/framework/src/Illuminate/Database/Migrations/Migrator.php(616): Illuminate\\Database\\Console\\Migrations\\ResetCommand->Illuminate\\Database\\Console\\Migrations\\{closure}()
#11 /homepages/42/d511037246/htdocs/clickandbuilds/BackendAPI/vendor/laravel/framework/src/Illuminate/Database/Console/Migrations/ResetCommand.php(63): Illuminate\\Database\\Migrations\\Migrator->usingConnection()
#12 /homepages/42/d511037246/htdocs/clickandbuilds/BackendAPI/vendor/laravel/framework/src/Illuminate/Container/BoundMethod.php(36): Illuminate\\Database\\Console\\Migrations\\ResetCommand->handle()
#13 /homepages/42/d511037246/htdocs/clickandbuilds/BackendAPI/vendor/laravel/framework/src/Illuminate/Container/Util.php(43): Illuminate\\Container\\BoundMethod::Illuminate\\Container\\{closure}()
#14 /homepages/42/d511037246/htdocs/clickandbuilds/BackendAPI/vendor/laravel/framework/src/Illuminate/Container/BoundMethod.php(95): Illuminate\\Container\\Util::unwrapIfClosure()
#15 /homepages/42/d511037246/htdocs/clickandbuilds/BackendAPI/vendor/laravel/framework/src/Illuminate/Container/BoundMethod.php(35): Illuminate\\Container\\BoundMethod::callBoundMethod()
#16 /homepages/42/d511037246/htdocs/clickandbuilds/BackendAPI/vendor/laravel/framework/src/Illuminate/Container/Container.php(694): Illuminate\\Container\\BoundMethod::call()
#17 /homepages/42/d511037246/htdocs/clickandbuilds/BackendAPI/vendor/laravel/framework/src/Illuminate/Console/Command.php(213): Illuminate\\Container\\Container->call()
#18 /homepages/42/d511037246/htdocs/clickandbuilds/BackendAPI/vendor/symfony/console/Command/Command.php(279): Illuminate\\Console\\Command->execute()
#19 /homepages/42/d511037246/htdocs/clickandbuilds/BackendAPI/vendor/laravel/framework/src/Illuminate/Console/Command.php(182): Symfony\\Component\\Console\\Command\\Command->run()
#20 /homepages/42/d511037246/htdocs/clickandbuilds/BackendAPI/vendor/laravel/framework/src/Illuminate/Console/Concerns/CallsCommands.php(68): Illuminate\\Console\\Command->run()
#21 /homepages/42/d511037246/htdocs/clickandbuilds/BackendAPI/vendor/laravel/framework/src/Illuminate/Console/Concerns/CallsCommands.php(29): Illuminate\\Console\\Command->runCommand()
#22 /homepages/42/d511037246/htdocs/clickandbuilds/BackendAPI/vendor/laravel/framework/src/Illuminate/Database/Console/Migrations/RefreshCommand.php(113): Illuminate\\Console\\Command->call()
#23 /homepages/42/d511037246/htdocs/clickandbuilds/BackendAPI/vendor/laravel/framework/src/Illuminate/Database/Console/Migrations/RefreshCommand.php(59): Illuminate\\Database\\Console\\Migrations\\RefreshCommand->runReset()
#24 /homepages/42/d511037246/htdocs/clickandbuilds/BackendAPI/vendor/laravel/framework/src/Illuminate/Container/BoundMethod.php(36): Illuminate\\Database\\Console\\Migrations\\RefreshCommand->handle()
#25 /homepages/42/d511037246/htdocs/clickandbuilds/BackendAPI/vendor/laravel/framework/src/Illuminate/Container/Util.php(43): Illuminate\\Container\\BoundMethod::Illuminate\\Container\\{closure}()
#26 /homepages/42/d511037246/htdocs/clickandbuilds/BackendAPI/vendor/laravel/framework/src/Illuminate/Container/BoundMethod.php(95): Illuminate\\Container\\Util::unwrapIfClosure()
#27 /homepages/42/d511037246/htdocs/clickandbuilds/BackendAPI/vendor/laravel/framework/src/Illuminate/Container/BoundMethod.php(35): Illuminate\\Container\\BoundMethod::callBoundMethod()
#28 /homepages/42/d511037246/htdocs/clickandbuilds/BackendAPI/vendor/laravel/framework/src/Illuminate/Container/Container.php(694): Illuminate\\Container\\BoundMethod::call()
#29 /homepages/42/d511037246/htdocs/clickandbuilds/BackendAPI/vendor/laravel/framework/src/Illuminate/Console/Command.php(213): Illuminate\\Container\\Container->call()
#30 /homepages/42/d511037246/htdocs/clickandbuilds/BackendAPI/vendor/symfony/console/Command/Command.php(279): Illuminate\\Console\\Command->execute()
#31 /homepages/42/d511037246/htdocs/clickandbuilds/BackendAPI/vendor/laravel/framework/src/Illuminate/Console/Command.php(182): Symfony\\Component\\Console\\Command\\Command->run()
#32 /homepages/42/d511037246/htdocs/clickandbuilds/BackendAPI/vendor/symfony/console/Application.php(1094): Illuminate\\Console\\Command->run()
#33 /homepages/42/d511037246/htdocs/clickandbuilds/BackendAPI/vendor/symfony/console/Application.php(342): Symfony\\Component\\Console\\Application->doRunCommand()
#34 /homepages/42/d511037246/htdocs/clickandbuilds/BackendAPI/vendor/symfony/console/Application.php(193): Symfony\\Component\\Console\\Application->doRun()
#35 /homepages/42/d511037246/htdocs/clickandbuilds/BackendAPI/vendor/laravel/framework/src/Illuminate/Foundation/Console/Kernel.php(198): Symfony\\Component\\Console\\Application->run()
#36 /homepages/42/d511037246/htdocs/clickandbuilds/BackendAPI/vendor/laravel/framework/src/Illuminate/Foundation/Application.php(1205): Illuminate\\Foundation\\Console\\Kernel->handle()
#37 /homepages/42/d511037246/htdocs/clickandbuilds/BackendAPI/artisan(13): Illuminate\\Foundation\\Application->handleCommand()
#38 {main}

[previous exception] [object] (PDOException(code: 2002): SQLSTATE[HY000] [2002] Connection refused at /homepages/42/d511037246/htdocs/clickandbuilds/BackendAPI/vendor/laravel/framework/src/Illuminate/Database/Connectors/Connector.php:66)
[stacktrace]
#0 /homepages/42/d511037246/htdocs/clickandbuilds/BackendAPI/vendor/laravel/framework/src/Illuminate/Database/Connectors/Connector.php(66): PDO->__construct()
#1 /homepages/42/d511037246/htdocs/clickandbuilds/BackendAPI/vendor/laravel/framework/src/Illuminate/Database/Connectors/Connector.php(85): Illuminate\\Database\\Connectors\\Connector->createPdoConnection()
#2 /homepages/42/d511037246/htdocs/clickandbuilds/BackendAPI/vendor/laravel/framework/src/Illuminate/Database/Connectors/Connector.php(48): Illuminate\\Database\\Connectors\\Connector->tryAgainIfCausedByLostConnection()
#3 /homepages/42/d511037246/htdocs/clickandbuilds/BackendAPI/vendor/laravel/framework/src/Illuminate/Database/Connectors/MySqlConnector.php(24): Illuminate\\Database\\Connectors\\Connector->createConnection()
#4 /homepages/42/d511037246/htdocs/clickandbuilds/BackendAPI/vendor/laravel/framework/src/Illuminate/Database/Connectors/ConnectionFactory.php(185): Illuminate\\Database\\Connectors\\MySqlConnector->connect()
#5 [internal function]: Illuminate\\Database\\Connectors\\ConnectionFactory->Illuminate\\Database\\Connectors\\{closure}()
#6 /homepages/42/d511037246/htdocs/clickandbuilds/BackendAPI/vendor/laravel/framework/src/Illuminate/Database/Connection.php(1231): call_user_func()
#7 /homepages/42/d511037246/htdocs/clickandbuilds/BackendAPI/vendor/laravel/framework/src/Illuminate/Database/Connection.php(1267): Illuminate\\Database\\Connection->getPdo()
#8 /homepages/42/d511037246/htdocs/clickandbuilds/BackendAPI/vendor/laravel/framework/src/Illuminate/Database/Connection.php(512): Illuminate\\Database\\Connection->getReadPdo()
#9 /homepages/42/d511037246/htdocs/clickandbuilds/BackendAPI/vendor/laravel/framework/src/Illuminate/Database/Connection.php(407): Illuminate\\Database\\Connection->getPdoForSelect()
#10 /homepages/42/d511037246/htdocs/clickandbuilds/BackendAPI/vendor/laravel/framework/src/Illuminate/Database/Connection.php(812): Illuminate\\Database\\Connection->Illuminate\\Database\\{closure}()
#11 /homepages/42/d511037246/htdocs/clickandbuilds/BackendAPI/vendor/laravel/framework/src/Illuminate/Database/Connection.php(979): Illuminate\\Database\\Connection->runQueryCallback()
#12 /homepages/42/d511037246/htdocs/clickandbuilds/BackendAPI/vendor/laravel/framework/src/Illuminate/Database/Connection.php(958): Illuminate\\Database\\Connection->tryAgainIfCausedByLostConnection()
#13 /homepages/42/d511037246/htdocs/clickandbuilds/BackendAPI/vendor/laravel/framework/src/Illuminate/Database/Connection.php(781): Illuminate\\Database\\Connection->handleQueryException()
#14 /homepages/42/d511037246/htdocs/clickandbuilds/BackendAPI/vendor/laravel/framework/src/Illuminate/Database/Connection.php(398): Illuminate\\Database\\Connection->run()
#15 /homepages/42/d511037246/htdocs/clickandbuilds/BackendAPI/vendor/laravel/framework/src/Illuminate/Database/Connection.php(344): Illuminate\\Database\\Connection->select()
#16 /homepages/42/d511037246/htdocs/clickandbuilds/BackendAPI/vendor/laravel/framework/src/Illuminate/Database/Connection.php(361): Illuminate\\Database\\Connection->selectOne()
#17 /homepages/42/d511037246/htdocs/clickandbuilds/BackendAPI/vendor/laravel/framework/src/Illuminate/Database/Schema/MySqlBuilder.php(45): Illuminate\\Database\\Connection->scalar()
#18 /homepages/42/d511037246/htdocs/clickandbuilds/BackendAPI/vendor/laravel/framework/src/Illuminate/Database/Migrations/DatabaseMigrationRepository.php(184): Illuminate\\Database\\Schema\\MySqlBuilder->hasTable()
#19 /homepages/42/d511037246/htdocs/clickandbuilds/BackendAPI/vendor/laravel/framework/src/Illuminate/Database/Migrations/Migrator.php(681): Illuminate\\Database\\Migrations\\DatabaseMigrationRepository->repositoryExists()
#20 /homepages/42/d511037246/htdocs/clickandbuilds/BackendAPI/vendor/laravel/framework/src/Illuminate/Database/Console/Migrations/ResetCommand.php(67): Illuminate\\Database\\Migrations\\Migrator->repositoryExists()
#21 /homepages/42/d511037246/htdocs/clickandbuilds/BackendAPI/vendor/laravel/framework/src/Illuminate/Database/Migrations/Migrator.php(616): Illuminate\\Database\\Console\\Migrations\\ResetCommand->Illuminate\\Database\\Console\\Migrations\\{closure}()
#22 /homepages/42/d511037246/htdocs/clickandbuilds/BackendAPI/vendor/laravel/framework/src/Illuminate/Database/Console/Migrations/ResetCommand.php(63): Illuminate\\Database\\Migrations\\Migrator->usingConnection()
#23 /homepages/42/d511037246/htdocs/clickandbuilds/BackendAPI/vendor/laravel/framework/src/Illuminate/Container/BoundMethod.php(36): Illuminate\\Database\\Console\\Migrations\\ResetCommand->handle()
#24 /homepages/42/d511037246/htdocs/clickandbuilds/BackendAPI/vendor/laravel/framework/src/Illuminate/Container/Util.php(43): Illuminate\\Container\\BoundMethod::Illuminate\\Container\\{closure}()
#25 /homepages/42/d511037246/htdocs/clickandbuilds/BackendAPI/vendor/laravel/framework/src/Illuminate/Container/BoundMethod.php(95): Illuminate\\Container\\Util::unwrapIfClosure()
#26 /homepages/42/d511037246/htdocs/clickandbuilds/BackendAPI/vendor/laravel/framework/src/Illuminate/Container/BoundMethod.php(35): Illuminate\\Container\\BoundMethod::callBoundMethod()
#27 /homepages/42/d511037246/htdocs/clickandbuilds/BackendAPI/vendor/laravel/framework/src/Illuminate/Container/Container.php(694): Illuminate\\Container\\BoundMethod::call()
#28 /homepages/42/d511037246/htdocs/clickandbuilds/BackendAPI/vendor/laravel/framework/src/Illuminate/Console/Command.php(213): Illuminate\\Container\\Container->call()
#29 /homepages/42/d511037246/htdocs/clickandbuilds/BackendAPI/vendor/symfony/console/Command/Command.php(279): Illuminate\\Console\\Command->execute()
#30 /homepages/42/d511037246/htdocs/clickandbuilds/BackendAPI/vendor/laravel/framework/src/Illuminate/Console/Command.php(182): Symfony\\Component\\Console\\Command\\Command->run()
#31 /homepages/42/d511037246/htdocs/clickandbuilds/BackendAPI/vendor/laravel/framework/src/Illuminate/Console/Concerns/CallsCommands.php(68): Illuminate\\Console\\Command->run()
#32 /homepages/42/d511037246/htdocs/clickandbuilds/BackendAPI/vendor/laravel/framework/src/Illuminate/Console/Concerns/CallsCommands.php(29): Illuminate\\Console\\Command->runCommand()
#33 /homepages/42/d511037246/htdocs/clickandbuilds/BackendAPI/vendor/laravel/framework/src/Illuminate/Database/Console/Migrations/RefreshCommand.php(113): Illuminate\\Console\\Command->call()
#34 /homepages/42/d511037246/htdocs/clickandbuilds/BackendAPI/vendor/laravel/framework/src/Illuminate/Database/Console/Migrations/RefreshCommand.php(59): Illuminate\\Database\\Console\\Migrations\\RefreshCommand->runReset()
#35 /homepages/42/d511037246/htdocs/clickandbuilds/BackendAPI/vendor/laravel/framework/src/Illuminate/Container/BoundMethod.php(36): Illuminate\\Database\\Console\\Migrations\\RefreshCommand->handle()
#36 /homepages/42/d511037246/htdocs/clickandbuilds/BackendAPI/vendor/laravel/framework/src/Illuminate/Container/Util.php(43): Illuminate\\Container\\BoundMethod::Illuminate\\Container\\{closure}()
#37 /homepages/42/d511037246/htdocs/clickandbuilds/BackendAPI/vendor/laravel/framework/src/Illuminate/Container/BoundMethod.php(95): Illuminate\\Container\\Util::unwrapIfClosure()
#38 /homepages/42/d511037246/htdocs/clickandbuilds/BackendAPI/vendor/laravel/framework/src/Illuminate/Container/BoundMethod.php(35): Illuminate\\Container\\BoundMethod::callBoundMethod()
#39 /homepages/42/d511037246/htdocs/clickandbuilds/BackendAPI/vendor/laravel/framework/src/Illuminate/Container/Container.php(694): Illuminate\\Container\\BoundMethod::call()
#40 /homepages/42/d511037246/htdocs/clickandbuilds/BackendAPI/vendor/laravel/framework/src/Illuminate/Console/Command.php(213): Illuminate\\Container\\Container->call()
#41 /homepages/42/d511037246/htdocs/clickandbuilds/BackendAPI/vendor/symfony/console/Command/Command.php(279): Illuminate\\Console\\Command->execute()
#42 /homepages/42/d511037246/htdocs/clickandbuilds/BackendAPI/vendor/laravel/framework/src/Illuminate/Console/Command.php(182): Symfony\\Component\\Console\\Command\\Command->run()
#43 /homepages/42/d511037246/htdocs/clickandbuilds/BackendAPI/vendor/symfony/console/Application.php(1094): Illuminate\\Console\\Command->run()
#44 /homepages/42/d511037246/htdocs/clickandbuilds/BackendAPI/vendor/symfony/console/Application.php(342): Symfony\\Component\\Console\\Application->doRunCommand()
#45 /homepages/42/d511037246/htdocs/clickandbuilds/BackendAPI/vendor/symfony/console/Application.php(193): Symfony\\Component\\Console\\Application->doRun()
#46 /homepages/42/d511037246/htdocs/clickandbuilds/BackendAPI/vendor/laravel/framework/src/Illuminate/Foundation/Console/Kernel.php(198): Symfony\\Component\\Console\\Application->run()
#47 /homepages/42/d511037246/htdocs/clickandbuilds/BackendAPI/vendor/laravel/framework/src/Illuminate/Foundation/Application.php(1205): Illuminate\\Foundation\\Console\\Kernel->handle()
#48 /homepages/42/d511037246/htdocs/clickandbuilds/BackendAPI/artisan(13): Illuminate\\Foundation\\Application->handleCommand()
#49 {main}
"} 
[2025-02-03 21:50:28] local.ERROR: SQLSTATE[HY000] [2002] Connection refused (Connection: mysql, SQL: select exists (select 1 from information_schema.tables where table_schema = 'yisutravelbackend' and table_name = 'migrations' and table_type in ('BASE TABLE', 'SYSTEM VERSIONED')) as `exists`) {"exception":"[object] (Illuminate\\Database\\QueryException(code: 2002): SQLSTATE[HY000] [2002] Connection refused (Connection: mysql, SQL: select exists (select 1 from information_schema.tables where table_schema = 'yisutravelbackend' and table_name = 'migrations' and table_type in ('BASE TABLE', 'SYSTEM VERSIONED')) as `exists`) at /homepages/42/d511037246/htdocs/clickandbuilds/BackendAPI/vendor/laravel/framework/src/Illuminate/Database/Connection.php:825)
[stacktrace]
#0 /homepages/42/d511037246/htdocs/clickandbuilds/BackendAPI/vendor/laravel/framework/src/Illuminate/Database/Connection.php(979): Illuminate\\Database\\Connection->runQueryCallback()
#1 /homepages/42/d511037246/htdocs/clickandbuilds/BackendAPI/vendor/laravel/framework/src/Illuminate/Database/Connection.php(958): Illuminate\\Database\\Connection->tryAgainIfCausedByLostConnection()
#2 /homepages/42/d511037246/htdocs/clickandbuilds/BackendAPI/vendor/laravel/framework/src/Illuminate/Database/Connection.php(781): Illuminate\\Database\\Connection->handleQueryException()
#3 /homepages/42/d511037246/htdocs/clickandbuilds/BackendAPI/vendor/laravel/framework/src/Illuminate/Database/Connection.php(398): Illuminate\\Database\\Connection->run()
#4 /homepages/42/d511037246/htdocs/clickandbuilds/BackendAPI/vendor/laravel/framework/src/Illuminate/Database/Connection.php(344): Illuminate\\Database\\Connection->select()
#5 /homepages/42/d511037246/htdocs/clickandbuilds/BackendAPI/vendor/laravel/framework/src/Illuminate/Database/Connection.php(361): Illuminate\\Database\\Connection->selectOne()
#6 /homepages/42/d511037246/htdocs/clickandbuilds/BackendAPI/vendor/laravel/framework/src/Illuminate/Database/Schema/MySqlBuilder.php(45): Illuminate\\Database\\Connection->scalar()
#7 /homepages/42/d511037246/htdocs/clickandbuilds/BackendAPI/vendor/laravel/framework/src/Illuminate/Database/Migrations/DatabaseMigrationRepository.php(184): Illuminate\\Database\\Schema\\MySqlBuilder->hasTable()
#8 /homepages/42/d511037246/htdocs/clickandbuilds/BackendAPI/vendor/laravel/framework/src/Illuminate/Database/Migrations/Migrator.php(681): Illuminate\\Database\\Migrations\\DatabaseMigrationRepository->repositoryExists()
#9 /homepages/42/d511037246/htdocs/clickandbuilds/BackendAPI/vendor/laravel/framework/src/Illuminate/Database/Console/Migrations/ResetCommand.php(67): Illuminate\\Database\\Migrations\\Migrator->repositoryExists()
#10 /homepages/42/d511037246/htdocs/clickandbuilds/BackendAPI/vendor/laravel/framework/src/Illuminate/Database/Migrations/Migrator.php(616): Illuminate\\Database\\Console\\Migrations\\ResetCommand->Illuminate\\Database\\Console\\Migrations\\{closure}()
#11 /homepages/42/d511037246/htdocs/clickandbuilds/BackendAPI/vendor/laravel/framework/src/Illuminate/Database/Console/Migrations/ResetCommand.php(63): Illuminate\\Database\\Migrations\\Migrator->usingConnection()
#12 /homepages/42/d511037246/htdocs/clickandbuilds/BackendAPI/vendor/laravel/framework/src/Illuminate/Container/BoundMethod.php(36): Illuminate\\Database\\Console\\Migrations\\ResetCommand->handle()
#13 /homepages/42/d511037246/htdocs/clickandbuilds/BackendAPI/vendor/laravel/framework/src/Illuminate/Container/Util.php(43): Illuminate\\Container\\BoundMethod::Illuminate\\Container\\{closure}()
#14 /homepages/42/d511037246/htdocs/clickandbuilds/BackendAPI/vendor/laravel/framework/src/Illuminate/Container/BoundMethod.php(95): Illuminate\\Container\\Util::unwrapIfClosure()
#15 /homepages/42/d511037246/htdocs/clickandbuilds/BackendAPI/vendor/laravel/framework/src/Illuminate/Container/BoundMethod.php(35): Illuminate\\Container\\BoundMethod::callBoundMethod()
#16 /homepages/42/d511037246/htdocs/clickandbuilds/BackendAPI/vendor/laravel/framework/src/Illuminate/Container/Container.php(694): Illuminate\\Container\\BoundMethod::call()
#17 /homepages/42/d511037246/htdocs/clickandbuilds/BackendAPI/vendor/laravel/framework/src/Illuminate/Console/Command.php(213): Illuminate\\Container\\Container->call()
#18 /homepages/42/d511037246/htdocs/clickandbuilds/BackendAPI/vendor/symfony/console/Command/Command.php(279): Illuminate\\Console\\Command->execute()
#19 /homepages/42/d511037246/htdocs/clickandbuilds/BackendAPI/vendor/laravel/framework/src/Illuminate/Console/Command.php(182): Symfony\\Component\\Console\\Command\\Command->run()
#20 /homepages/42/d511037246/htdocs/clickandbuilds/BackendAPI/vendor/laravel/framework/src/Illuminate/Console/Concerns/CallsCommands.php(68): Illuminate\\Console\\Command->run()
#21 /homepages/42/d511037246/htdocs/clickandbuilds/BackendAPI/vendor/laravel/framework/src/Illuminate/Console/Concerns/CallsCommands.php(29): Illuminate\\Console\\Command->runCommand()
#22 /homepages/42/d511037246/htdocs/clickandbuilds/BackendAPI/vendor/laravel/framework/src/Illuminate/Database/Console/Migrations/RefreshCommand.php(113): Illuminate\\Console\\Command->call()
#23 /homepages/42/d511037246/htdocs/clickandbuilds/BackendAPI/vendor/laravel/framework/src/Illuminate/Database/Console/Migrations/RefreshCommand.php(59): Illuminate\\Database\\Console\\Migrations\\RefreshCommand->runReset()
#24 /homepages/42/d511037246/htdocs/clickandbuilds/BackendAPI/vendor/laravel/framework/src/Illuminate/Container/BoundMethod.php(36): Illuminate\\Database\\Console\\Migrations\\RefreshCommand->handle()
#25 /homepages/42/d511037246/htdocs/clickandbuilds/BackendAPI/vendor/laravel/framework/src/Illuminate/Container/Util.php(43): Illuminate\\Container\\BoundMethod::Illuminate\\Container\\{closure}()
#26 /homepages/42/d511037246/htdocs/clickandbuilds/BackendAPI/vendor/laravel/framework/src/Illuminate/Container/BoundMethod.php(95): Illuminate\\Container\\Util::unwrapIfClosure()
#27 /homepages/42/d511037246/htdocs/clickandbuilds/BackendAPI/vendor/laravel/framework/src/Illuminate/Container/BoundMethod.php(35): Illuminate\\Container\\BoundMethod::callBoundMethod()
#28 /homepages/42/d511037246/htdocs/clickandbuilds/BackendAPI/vendor/laravel/framework/src/Illuminate/Container/Container.php(694): Illuminate\\Container\\BoundMethod::call()
#29 /homepages/42/d511037246/htdocs/clickandbuilds/BackendAPI/vendor/laravel/framework/src/Illuminate/Console/Command.php(213): Illuminate\\Container\\Container->call()
#30 /homepages/42/d511037246/htdocs/clickandbuilds/BackendAPI/vendor/symfony/console/Command/Command.php(279): Illuminate\\Console\\Command->execute()
#31 /homepages/42/d511037246/htdocs/clickandbuilds/BackendAPI/vendor/laravel/framework/src/Illuminate/Console/Command.php(182): Symfony\\Component\\Console\\Command\\Command->run()
#32 /homepages/42/d511037246/htdocs/clickandbuilds/BackendAPI/vendor/symfony/console/Application.php(1094): Illuminate\\Console\\Command->run()
#33 /homepages/42/d511037246/htdocs/clickandbuilds/BackendAPI/vendor/symfony/console/Application.php(342): Symfony\\Component\\Console\\Application->doRunCommand()
#34 /homepages/42/d511037246/htdocs/clickandbuilds/BackendAPI/vendor/symfony/console/Application.php(193): Symfony\\Component\\Console\\Application->doRun()
#35 /homepages/42/d511037246/htdocs/clickandbuilds/BackendAPI/vendor/laravel/framework/src/Illuminate/Foundation/Console/Kernel.php(198): Symfony\\Component\\Console\\Application->run()
#36 /homepages/42/d511037246/htdocs/clickandbuilds/BackendAPI/vendor/laravel/framework/src/Illuminate/Foundation/Application.php(1205): Illuminate\\Foundation\\Console\\Kernel->handle()
#37 /homepages/42/d511037246/htdocs/clickandbuilds/BackendAPI/artisan(13): Illuminate\\Foundation\\Application->handleCommand()
#38 {main}

[previous exception] [object] (PDOException(code: 2002): SQLSTATE[HY000] [2002] Connection refused at /homepages/42/d511037246/htdocs/clickandbuilds/BackendAPI/vendor/laravel/framework/src/Illuminate/Database/Connectors/Connector.php:66)
[stacktrace]
#0 /homepages/42/d511037246/htdocs/clickandbuilds/BackendAPI/vendor/laravel/framework/src/Illuminate/Database/Connectors/Connector.php(66): PDO->__construct()
#1 /homepages/42/d511037246/htdocs/clickandbuilds/BackendAPI/vendor/laravel/framework/src/Illuminate/Database/Connectors/Connector.php(85): Illuminate\\Database\\Connectors\\Connector->createPdoConnection()
#2 /homepages/42/d511037246/htdocs/clickandbuilds/BackendAPI/vendor/laravel/framework/src/Illuminate/Database/Connectors/Connector.php(48): Illuminate\\Database\\Connectors\\Connector->tryAgainIfCausedByLostConnection()
#3 /homepages/42/d511037246/htdocs/clickandbuilds/BackendAPI/vendor/laravel/framework/src/Illuminate/Database/Connectors/MySqlConnector.php(24): Illuminate\\Database\\Connectors\\Connector->createConnection()
#4 /homepages/42/d511037246/htdocs/clickandbuilds/BackendAPI/vendor/laravel/framework/src/Illuminate/Database/Connectors/ConnectionFactory.php(185): Illuminate\\Database\\Connectors\\MySqlConnector->connect()
#5 [internal function]: Illuminate\\Database\\Connectors\\ConnectionFactory->Illuminate\\Database\\Connectors\\{closure}()
#6 /homepages/42/d511037246/htdocs/clickandbuilds/BackendAPI/vendor/laravel/framework/src/Illuminate/Database/Connection.php(1231): call_user_func()
#7 /homepages/42/d511037246/htdocs/clickandbuilds/BackendAPI/vendor/laravel/framework/src/Illuminate/Database/Connection.php(1267): Illuminate\\Database\\Connection->getPdo()
#8 /homepages/42/d511037246/htdocs/clickandbuilds/BackendAPI/vendor/laravel/framework/src/Illuminate/Database/Connection.php(512): Illuminate\\Database\\Connection->getReadPdo()
#9 /homepages/42/d511037246/htdocs/clickandbuilds/BackendAPI/vendor/laravel/framework/src/Illuminate/Database/Connection.php(407): Illuminate\\Database\\Connection->getPdoForSelect()
#10 /homepages/42/d511037246/htdocs/clickandbuilds/BackendAPI/vendor/laravel/framework/src/Illuminate/Database/Connection.php(812): Illuminate\\Database\\Connection->Illuminate\\Database\\{closure}()
#11 /homepages/42/d511037246/htdocs/clickandbuilds/BackendAPI/vendor/laravel/framework/src/Illuminate/Database/Connection.php(979): Illuminate\\Database\\Connection->runQueryCallback()
#12 /homepages/42/d511037246/htdocs/clickandbuilds/BackendAPI/vendor/laravel/framework/src/Illuminate/Database/Connection.php(958): Illuminate\\Database\\Connection->tryAgainIfCausedByLostConnection()
#13 /homepages/42/d511037246/htdocs/clickandbuilds/BackendAPI/vendor/laravel/framework/src/Illuminate/Database/Connection.php(781): Illuminate\\Database\\Connection->handleQueryException()
#14 /homepages/42/d511037246/htdocs/clickandbuilds/BackendAPI/vendor/laravel/framework/src/Illuminate/Database/Connection.php(398): Illuminate\\Database\\Connection->run()
#15 /homepages/42/d511037246/htdocs/clickandbuilds/BackendAPI/vendor/laravel/framework/src/Illuminate/Database/Connection.php(344): Illuminate\\Database\\Connection->select()
#16 /homepages/42/d511037246/htdocs/clickandbuilds/BackendAPI/vendor/laravel/framework/src/Illuminate/Database/Connection.php(361): Illuminate\\Database\\Connection->selectOne()
#17 /homepages/42/d511037246/htdocs/clickandbuilds/BackendAPI/vendor/laravel/framework/src/Illuminate/Database/Schema/MySqlBuilder.php(45): Illuminate\\Database\\Connection->scalar()
#18 /homepages/42/d511037246/htdocs/clickandbuilds/BackendAPI/vendor/laravel/framework/src/Illuminate/Database/Migrations/DatabaseMigrationRepository.php(184): Illuminate\\Database\\Schema\\MySqlBuilder->hasTable()
#19 /homepages/42/d511037246/htdocs/clickandbuilds/BackendAPI/vendor/laravel/framework/src/Illuminate/Database/Migrations/Migrator.php(681): Illuminate\\Database\\Migrations\\DatabaseMigrationRepository->repositoryExists()
#20 /homepages/42/d511037246/htdocs/clickandbuilds/BackendAPI/vendor/laravel/framework/src/Illuminate/Database/Console/Migrations/ResetCommand.php(67): Illuminate\\Database\\Migrations\\Migrator->repositoryExists()
#21 /homepages/42/d511037246/htdocs/clickandbuilds/BackendAPI/vendor/laravel/framework/src/Illuminate/Database/Migrations/Migrator.php(616): Illuminate\\Database\\Console\\Migrations\\ResetCommand->Illuminate\\Database\\Console\\Migrations\\{closure}()
#22 /homepages/42/d511037246/htdocs/clickandbuilds/BackendAPI/vendor/laravel/framework/src/Illuminate/Database/Console/Migrations/ResetCommand.php(63): Illuminate\\Database\\Migrations\\Migrator->usingConnection()
#23 /homepages/42/d511037246/htdocs/clickandbuilds/BackendAPI/vendor/laravel/framework/src/Illuminate/Container/BoundMethod.php(36): Illuminate\\Database\\Console\\Migrations\\ResetCommand->handle()
#24 /homepages/42/d511037246/htdocs/clickandbuilds/BackendAPI/vendor/laravel/framework/src/Illuminate/Container/Util.php(43): Illuminate\\Container\\BoundMethod::Illuminate\\Container\\{closure}()
#25 /homepages/42/d511037246/htdocs/clickandbuilds/BackendAPI/vendor/laravel/framework/src/Illuminate/Container/BoundMethod.php(95): Illuminate\\Container\\Util::unwrapIfClosure()
#26 /homepages/42/d511037246/htdocs/clickandbuilds/BackendAPI/vendor/laravel/framework/src/Illuminate/Container/BoundMethod.php(35): Illuminate\\Container\\BoundMethod::callBoundMethod()
#27 /homepages/42/d511037246/htdocs/clickandbuilds/BackendAPI/vendor/laravel/framework/src/Illuminate/Container/Container.php(694): Illuminate\\Container\\BoundMethod::call()
#28 /homepages/42/d511037246/htdocs/clickandbuilds/BackendAPI/vendor/laravel/framework/src/Illuminate/Console/Command.php(213): Illuminate\\Container\\Container->call()
#29 /homepages/42/d511037246/htdocs/clickandbuilds/BackendAPI/vendor/symfony/console/Command/Command.php(279): Illuminate\\Console\\Command->execute()
#30 /homepages/42/d511037246/htdocs/clickandbuilds/BackendAPI/vendor/laravel/framework/src/Illuminate/Console/Command.php(182): Symfony\\Component\\Console\\Command\\Command->run()
#31 /homepages/42/d511037246/htdocs/clickandbuilds/BackendAPI/vendor/laravel/framework/src/Illuminate/Console/Concerns/CallsCommands.php(68): Illuminate\\Console\\Command->run()
#32 /homepages/42/d511037246/htdocs/clickandbuilds/BackendAPI/vendor/laravel/framework/src/Illuminate/Console/Concerns/CallsCommands.php(29): Illuminate\\Console\\Command->runCommand()
#33 /homepages/42/d511037246/htdocs/clickandbuilds/BackendAPI/vendor/laravel/framework/src/Illuminate/Database/Console/Migrations/RefreshCommand.php(113): Illuminate\\Console\\Command->call()
#34 /homepages/42/d511037246/htdocs/clickandbuilds/BackendAPI/vendor/laravel/framework/src/Illuminate/Database/Console/Migrations/RefreshCommand.php(59): Illuminate\\Database\\Console\\Migrations\\RefreshCommand->runReset()
#35 /homepages/42/d511037246/htdocs/clickandbuilds/BackendAPI/vendor/laravel/framework/src/Illuminate/Container/BoundMethod.php(36): Illuminate\\Database\\Console\\Migrations\\RefreshCommand->handle()
#36 /homepages/42/d511037246/htdocs/clickandbuilds/BackendAPI/vendor/laravel/framework/src/Illuminate/Container/Util.php(43): Illuminate\\Container\\BoundMethod::Illuminate\\Container\\{closure}()
#37 /homepages/42/d511037246/htdocs/clickandbuilds/BackendAPI/vendor/laravel/framework/src/Illuminate/Container/BoundMethod.php(95): Illuminate\\Container\\Util::unwrapIfClosure()
#38 /homepages/42/d511037246/htdocs/clickandbuilds/BackendAPI/vendor/laravel/framework/src/Illuminate/Container/BoundMethod.php(35): Illuminate\\Container\\BoundMethod::callBoundMethod()
#39 /homepages/42/d511037246/htdocs/clickandbuilds/BackendAPI/vendor/laravel/framework/src/Illuminate/Container/Container.php(694): Illuminate\\Container\\BoundMethod::call()
#40 /homepages/42/d511037246/htdocs/clickandbuilds/BackendAPI/vendor/laravel/framework/src/Illuminate/Console/Command.php(213): Illuminate\\Container\\Container->call()
#41 /homepages/42/d511037246/htdocs/clickandbuilds/BackendAPI/vendor/symfony/console/Command/Command.php(279): Illuminate\\Console\\Command->execute()
#42 /homepages/42/d511037246/htdocs/clickandbuilds/BackendAPI/vendor/laravel/framework/src/Illuminate/Console/Command.php(182): Symfony\\Component\\Console\\Command\\Command->run()
#43 /homepages/42/d511037246/htdocs/clickandbuilds/BackendAPI/vendor/symfony/console/Application.php(1094): Illuminate\\Console\\Command->run()
#44 /homepages/42/d511037246/htdocs/clickandbuilds/BackendAPI/vendor/symfony/console/Application.php(342): Symfony\\Component\\Console\\Application->doRunCommand()
#45 /homepages/42/d511037246/htdocs/clickandbuilds/BackendAPI/vendor/symfony/console/Application.php(193): Symfony\\Component\\Console\\Application->doRun()
#46 /homepages/42/d511037246/htdocs/clickandbuilds/BackendAPI/vendor/laravel/framework/src/Illuminate/Foundation/Console/Kernel.php(198): Symfony\\Component\\Console\\Application->run()
#47 /homepages/42/d511037246/htdocs/clickandbuilds/BackendAPI/vendor/laravel/framework/src/Illuminate/Foundation/Application.php(1205): Illuminate\\Foundation\\Console\\Kernel->handle()
#48 /homepages/42/d511037246/htdocs/clickandbuilds/BackendAPI/artisan(13): Illuminate\\Foundation\\Application->handleCommand()
#49 {main}
"} 
[2025-02-03 21:50:33] local.ERROR: SQLSTATE[HY000] [2002] Connection refused (Connection: mysql, SQL: select exists (select 1 from information_schema.tables where table_schema = 'yisutravelbackend' and table_name = 'migrations' and table_type in ('BASE TABLE', 'SYSTEM VERSIONED')) as `exists`) {"exception":"[object] (Illuminate\\Database\\QueryException(code: 2002): SQLSTATE[HY000] [2002] Connection refused (Connection: mysql, SQL: select exists (select 1 from information_schema.tables where table_schema = 'yisutravelbackend' and table_name = 'migrations' and table_type in ('BASE TABLE', 'SYSTEM VERSIONED')) as `exists`) at /homepages/42/d511037246/htdocs/clickandbuilds/BackendAPI/vendor/laravel/framework/src/Illuminate/Database/Connection.php:825)
[stacktrace]
#0 /homepages/42/d511037246/htdocs/clickandbuilds/BackendAPI/vendor/laravel/framework/src/Illuminate/Database/Connection.php(979): Illuminate\\Database\\Connection->runQueryCallback()
#1 /homepages/42/d511037246/htdocs/clickandbuilds/BackendAPI/vendor/laravel/framework/src/Illuminate/Database/Connection.php(958): Illuminate\\Database\\Connection->tryAgainIfCausedByLostConnection()
#2 /homepages/42/d511037246/htdocs/clickandbuilds/BackendAPI/vendor/laravel/framework/src/Illuminate/Database/Connection.php(781): Illuminate\\Database\\Connection->handleQueryException()
#3 /homepages/42/d511037246/htdocs/clickandbuilds/BackendAPI/vendor/laravel/framework/src/Illuminate/Database/Connection.php(398): Illuminate\\Database\\Connection->run()
#4 /homepages/42/d511037246/htdocs/clickandbuilds/BackendAPI/vendor/laravel/framework/src/Illuminate/Database/Connection.php(344): Illuminate\\Database\\Connection->select()
#5 /homepages/42/d511037246/htdocs/clickandbuilds/BackendAPI/vendor/laravel/framework/src/Illuminate/Database/Connection.php(361): Illuminate\\Database\\Connection->selectOne()
#6 /homepages/42/d511037246/htdocs/clickandbuilds/BackendAPI/vendor/laravel/framework/src/Illuminate/Database/Schema/MySqlBuilder.php(45): Illuminate\\Database\\Connection->scalar()
#7 /homepages/42/d511037246/htdocs/clickandbuilds/BackendAPI/vendor/laravel/framework/src/Illuminate/Database/Migrations/DatabaseMigrationRepository.php(184): Illuminate\\Database\\Schema\\MySqlBuilder->hasTable()
#8 /homepages/42/d511037246/htdocs/clickandbuilds/BackendAPI/vendor/laravel/framework/src/Illuminate/Database/Migrations/Migrator.php(681): Illuminate\\Database\\Migrations\\DatabaseMigrationRepository->repositoryExists()
#9 /homepages/42/d511037246/htdocs/clickandbuilds/BackendAPI/vendor/laravel/framework/src/Illuminate/Database/Console/Migrations/ResetCommand.php(67): Illuminate\\Database\\Migrations\\Migrator->repositoryExists()
#10 /homepages/42/d511037246/htdocs/clickandbuilds/BackendAPI/vendor/laravel/framework/src/Illuminate/Database/Migrations/Migrator.php(616): Illuminate\\Database\\Console\\Migrations\\ResetCommand->Illuminate\\Database\\Console\\Migrations\\{closure}()
#11 /homepages/42/d511037246/htdocs/clickandbuilds/BackendAPI/vendor/laravel/framework/src/Illuminate/Database/Console/Migrations/ResetCommand.php(63): Illuminate\\Database\\Migrations\\Migrator->usingConnection()
#12 /homepages/42/d511037246/htdocs/clickandbuilds/BackendAPI/vendor/laravel/framework/src/Illuminate/Container/BoundMethod.php(36): Illuminate\\Database\\Console\\Migrations\\ResetCommand->handle()
#13 /homepages/42/d511037246/htdocs/clickandbuilds/BackendAPI/vendor/laravel/framework/src/Illuminate/Container/Util.php(43): Illuminate\\Container\\BoundMethod::Illuminate\\Container\\{closure}()
#14 /homepages/42/d511037246/htdocs/clickandbuilds/BackendAPI/vendor/laravel/framework/src/Illuminate/Container/BoundMethod.php(95): Illuminate\\Container\\Util::unwrapIfClosure()
#15 /homepages/42/d511037246/htdocs/clickandbuilds/BackendAPI/vendor/laravel/framework/src/Illuminate/Container/BoundMethod.php(35): Illuminate\\Container\\BoundMethod::callBoundMethod()
#16 /homepages/42/d511037246/htdocs/clickandbuilds/BackendAPI/vendor/laravel/framework/src/Illuminate/Container/Container.php(694): Illuminate\\Container\\BoundMethod::call()
#17 /homepages/42/d511037246/htdocs/clickandbuilds/BackendAPI/vendor/laravel/framework/src/Illuminate/Console/Command.php(213): Illuminate\\Container\\Container->call()
#18 /homepages/42/d511037246/htdocs/clickandbuilds/BackendAPI/vendor/symfony/console/Command/Command.php(279): Illuminate\\Console\\Command->execute()
#19 /homepages/42/d511037246/htdocs/clickandbuilds/BackendAPI/vendor/laravel/framework/src/Illuminate/Console/Command.php(182): Symfony\\Component\\Console\\Command\\Command->run()
#20 /homepages/42/d511037246/htdocs/clickandbuilds/BackendAPI/vendor/laravel/framework/src/Illuminate/Console/Concerns/CallsCommands.php(68): Illuminate\\Console\\Command->run()
#21 /homepages/42/d511037246/htdocs/clickandbuilds/BackendAPI/vendor/laravel/framework/src/Illuminate/Console/Concerns/CallsCommands.php(29): Illuminate\\Console\\Command->runCommand()
#22 /homepages/42/d511037246/htdocs/clickandbuilds/BackendAPI/vendor/laravel/framework/src/Illuminate/Database/Console/Migrations/RefreshCommand.php(113): Illuminate\\Console\\Command->call()
#23 /homepages/42/d511037246/htdocs/clickandbuilds/BackendAPI/vendor/laravel/framework/src/Illuminate/Database/Console/Migrations/RefreshCommand.php(59): Illuminate\\Database\\Console\\Migrations\\RefreshCommand->runReset()
#24 /homepages/42/d511037246/htdocs/clickandbuilds/BackendAPI/vendor/laravel/framework/src/Illuminate/Container/BoundMethod.php(36): Illuminate\\Database\\Console\\Migrations\\RefreshCommand->handle()
#25 /homepages/42/d511037246/htdocs/clickandbuilds/BackendAPI/vendor/laravel/framework/src/Illuminate/Container/Util.php(43): Illuminate\\Container\\BoundMethod::Illuminate\\Container\\{closure}()
#26 /homepages/42/d511037246/htdocs/clickandbuilds/BackendAPI/vendor/laravel/framework/src/Illuminate/Container/BoundMethod.php(95): Illuminate\\Container\\Util::unwrapIfClosure()
#27 /homepages/42/d511037246/htdocs/clickandbuilds/BackendAPI/vendor/laravel/framework/src/Illuminate/Container/BoundMethod.php(35): Illuminate\\Container\\BoundMethod::callBoundMethod()
#28 /homepages/42/d511037246/htdocs/clickandbuilds/BackendAPI/vendor/laravel/framework/src/Illuminate/Container/Container.php(694): Illuminate\\Container\\BoundMethod::call()
#29 /homepages/42/d511037246/htdocs/clickandbuilds/BackendAPI/vendor/laravel/framework/src/Illuminate/Console/Command.php(213): Illuminate\\Container\\Container->call()
#30 /homepages/42/d511037246/htdocs/clickandbuilds/BackendAPI/vendor/symfony/console/Command/Command.php(279): Illuminate\\Console\\Command->execute()
#31 /homepages/42/d511037246/htdocs/clickandbuilds/BackendAPI/vendor/laravel/framework/src/Illuminate/Console/Command.php(182): Symfony\\Component\\Console\\Command\\Command->run()
#32 /homepages/42/d511037246/htdocs/clickandbuilds/BackendAPI/vendor/symfony/console/Application.php(1094): Illuminate\\Console\\Command->run()
#33 /homepages/42/d511037246/htdocs/clickandbuilds/BackendAPI/vendor/symfony/console/Application.php(342): Symfony\\Component\\Console\\Application->doRunCommand()
#34 /homepages/42/d511037246/htdocs/clickandbuilds/BackendAPI/vendor/symfony/console/Application.php(193): Symfony\\Component\\Console\\Application->doRun()
#35 /homepages/42/d511037246/htdocs/clickandbuilds/BackendAPI/vendor/laravel/framework/src/Illuminate/Foundation/Console/Kernel.php(198): Symfony\\Component\\Console\\Application->run()
#36 /homepages/42/d511037246/htdocs/clickandbuilds/BackendAPI/vendor/laravel/framework/src/Illuminate/Foundation/Application.php(1205): Illuminate\\Foundation\\Console\\Kernel->handle()
#37 /homepages/42/d511037246/htdocs/clickandbuilds/BackendAPI/artisan(13): Illuminate\\Foundation\\Application->handleCommand()
#38 {main}

[previous exception] [object] (PDOException(code: 2002): SQLSTATE[HY000] [2002] Connection refused at /homepages/42/d511037246/htdocs/clickandbuilds/BackendAPI/vendor/laravel/framework/src/Illuminate/Database/Connectors/Connector.php:66)
[stacktrace]
#0 /homepages/42/d511037246/htdocs/clickandbuilds/BackendAPI/vendor/laravel/framework/src/Illuminate/Database/Connectors/Connector.php(66): PDO->__construct()
#1 /homepages/42/d511037246/htdocs/clickandbuilds/BackendAPI/vendor/laravel/framework/src/Illuminate/Database/Connectors/Connector.php(85): Illuminate\\Database\\Connectors\\Connector->createPdoConnection()
#2 /homepages/42/d511037246/htdocs/clickandbuilds/BackendAPI/vendor/laravel/framework/src/Illuminate/Database/Connectors/Connector.php(48): Illuminate\\Database\\Connectors\\Connector->tryAgainIfCausedByLostConnection()
#3 /homepages/42/d511037246/htdocs/clickandbuilds/BackendAPI/vendor/laravel/framework/src/Illuminate/Database/Connectors/MySqlConnector.php(24): Illuminate\\Database\\Connectors\\Connector->createConnection()
#4 /homepages/42/d511037246/htdocs/clickandbuilds/BackendAPI/vendor/laravel/framework/src/Illuminate/Database/Connectors/ConnectionFactory.php(185): Illuminate\\Database\\Connectors\\MySqlConnector->connect()
#5 [internal function]: Illuminate\\Database\\Connectors\\ConnectionFactory->Illuminate\\Database\\Connectors\\{closure}()
#6 /homepages/42/d511037246/htdocs/clickandbuilds/BackendAPI/vendor/laravel/framework/src/Illuminate/Database/Connection.php(1231): call_user_func()
#7 /homepages/42/d511037246/htdocs/clickandbuilds/BackendAPI/vendor/laravel/framework/src/Illuminate/Database/Connection.php(1267): Illuminate\\Database\\Connection->getPdo()
#8 /homepages/42/d511037246/htdocs/clickandbuilds/BackendAPI/vendor/laravel/framework/src/Illuminate/Database/Connection.php(512): Illuminate\\Database\\Connection->getReadPdo()
#9 /homepages/42/d511037246/htdocs/clickandbuilds/BackendAPI/vendor/laravel/framework/src/Illuminate/Database/Connection.php(407): Illuminate\\Database\\Connection->getPdoForSelect()
#10 /homepages/42/d511037246/htdocs/clickandbuilds/BackendAPI/vendor/laravel/framework/src/Illuminate/Database/Connection.php(812): Illuminate\\Database\\Connection->Illuminate\\Database\\{closure}()
#11 /homepages/42/d511037246/htdocs/clickandbuilds/BackendAPI/vendor/laravel/framework/src/Illuminate/Database/Connection.php(979): Illuminate\\Database\\Connection->runQueryCallback()
#12 /homepages/42/d511037246/htdocs/clickandbuilds/BackendAPI/vendor/laravel/framework/src/Illuminate/Database/Connection.php(958): Illuminate\\Database\\Connection->tryAgainIfCausedByLostConnection()
#13 /homepages/42/d511037246/htdocs/clickandbuilds/BackendAPI/vendor/laravel/framework/src/Illuminate/Database/Connection.php(781): Illuminate\\Database\\Connection->handleQueryException()
#14 /homepages/42/d511037246/htdocs/clickandbuilds/BackendAPI/vendor/laravel/framework/src/Illuminate/Database/Connection.php(398): Illuminate\\Database\\Connection->run()
#15 /homepages/42/d511037246/htdocs/clickandbuilds/BackendAPI/vendor/laravel/framework/src/Illuminate/Database/Connection.php(344): Illuminate\\Database\\Connection->select()
#16 /homepages/42/d511037246/htdocs/clickandbuilds/BackendAPI/vendor/laravel/framework/src/Illuminate/Database/Connection.php(361): Illuminate\\Database\\Connection->selectOne()
#17 /homepages/42/d511037246/htdocs/clickandbuilds/BackendAPI/vendor/laravel/framework/src/Illuminate/Database/Schema/MySqlBuilder.php(45): Illuminate\\Database\\Connection->scalar()
#18 /homepages/42/d511037246/htdocs/clickandbuilds/BackendAPI/vendor/laravel/framework/src/Illuminate/Database/Migrations/DatabaseMigrationRepository.php(184): Illuminate\\Database\\Schema\\MySqlBuilder->hasTable()
#19 /homepages/42/d511037246/htdocs/clickandbuilds/BackendAPI/vendor/laravel/framework/src/Illuminate/Database/Migrations/Migrator.php(681): Illuminate\\Database\\Migrations\\DatabaseMigrationRepository->repositoryExists()
#20 /homepages/42/d511037246/htdocs/clickandbuilds/BackendAPI/vendor/laravel/framework/src/Illuminate/Database/Console/Migrations/ResetCommand.php(67): Illuminate\\Database\\Migrations\\Migrator->repositoryExists()
#21 /homepages/42/d511037246/htdocs/clickandbuilds/BackendAPI/vendor/laravel/framework/src/Illuminate/Database/Migrations/Migrator.php(616): Illuminate\\Database\\Console\\Migrations\\ResetCommand->Illuminate\\Database\\Console\\Migrations\\{closure}()
#22 /homepages/42/d511037246/htdocs/clickandbuilds/BackendAPI/vendor/laravel/framework/src/Illuminate/Database/Console/Migrations/ResetCommand.php(63): Illuminate\\Database\\Migrations\\Migrator->usingConnection()
#23 /homepages/42/d511037246/htdocs/clickandbuilds/BackendAPI/vendor/laravel/framework/src/Illuminate/Container/BoundMethod.php(36): Illuminate\\Database\\Console\\Migrations\\ResetCommand->handle()
#24 /homepages/42/d511037246/htdocs/clickandbuilds/BackendAPI/vendor/laravel/framework/src/Illuminate/Container/Util.php(43): Illuminate\\Container\\BoundMethod::Illuminate\\Container\\{closure}()
#25 /homepages/42/d511037246/htdocs/clickandbuilds/BackendAPI/vendor/laravel/framework/src/Illuminate/Container/BoundMethod.php(95): Illuminate\\Container\\Util::unwrapIfClosure()
#26 /homepages/42/d511037246/htdocs/clickandbuilds/BackendAPI/vendor/laravel/framework/src/Illuminate/Container/BoundMethod.php(35): Illuminate\\Container\\BoundMethod::callBoundMethod()
#27 /homepages/42/d511037246/htdocs/clickandbuilds/BackendAPI/vendor/laravel/framework/src/Illuminate/Container/Container.php(694): Illuminate\\Container\\BoundMethod::call()
#28 /homepages/42/d511037246/htdocs/clickandbuilds/BackendAPI/vendor/laravel/framework/src/Illuminate/Console/Command.php(213): Illuminate\\Container\\Container->call()
#29 /homepages/42/d511037246/htdocs/clickandbuilds/BackendAPI/vendor/symfony/console/Command/Command.php(279): Illuminate\\Console\\Command->execute()
#30 /homepages/42/d511037246/htdocs/clickandbuilds/BackendAPI/vendor/laravel/framework/src/Illuminate/Console/Command.php(182): Symfony\\Component\\Console\\Command\\Command->run()
#31 /homepages/42/d511037246/htdocs/clickandbuilds/BackendAPI/vendor/laravel/framework/src/Illuminate/Console/Concerns/CallsCommands.php(68): Illuminate\\Console\\Command->run()
#32 /homepages/42/d511037246/htdocs/clickandbuilds/BackendAPI/vendor/laravel/framework/src/Illuminate/Console/Concerns/CallsCommands.php(29): Illuminate\\Console\\Command->runCommand()
#33 /homepages/42/d511037246/htdocs/clickandbuilds/BackendAPI/vendor/laravel/framework/src/Illuminate/Database/Console/Migrations/RefreshCommand.php(113): Illuminate\\Console\\Command->call()
#34 /homepages/42/d511037246/htdocs/clickandbuilds/BackendAPI/vendor/laravel/framework/src/Illuminate/Database/Console/Migrations/RefreshCommand.php(59): Illuminate\\Database\\Console\\Migrations\\RefreshCommand->runReset()
#35 /homepages/42/d511037246/htdocs/clickandbuilds/BackendAPI/vendor/laravel/framework/src/Illuminate/Container/BoundMethod.php(36): Illuminate\\Database\\Console\\Migrations\\RefreshCommand->handle()
#36 /homepages/42/d511037246/htdocs/clickandbuilds/BackendAPI/vendor/laravel/framework/src/Illuminate/Container/Util.php(43): Illuminate\\Container\\BoundMethod::Illuminate\\Container\\{closure}()
#37 /homepages/42/d511037246/htdocs/clickandbuilds/BackendAPI/vendor/laravel/framework/src/Illuminate/Container/BoundMethod.php(95): Illuminate\\Container\\Util::unwrapIfClosure()
#38 /homepages/42/d511037246/htdocs/clickandbuilds/BackendAPI/vendor/laravel/framework/src/Illuminate/Container/BoundMethod.php(35): Illuminate\\Container\\BoundMethod::callBoundMethod()
#39 /homepages/42/d511037246/htdocs/clickandbuilds/BackendAPI/vendor/laravel/framework/src/Illuminate/Container/Container.php(694): Illuminate\\Container\\BoundMethod::call()
#40 /homepages/42/d511037246/htdocs/clickandbuilds/BackendAPI/vendor/laravel/framework/src/Illuminate/Console/Command.php(213): Illuminate\\Container\\Container->call()
#41 /homepages/42/d511037246/htdocs/clickandbuilds/BackendAPI/vendor/symfony/console/Command/Command.php(279): Illuminate\\Console\\Command->execute()
#42 /homepages/42/d511037246/htdocs/clickandbuilds/BackendAPI/vendor/laravel/framework/src/Illuminate/Console/Command.php(182): Symfony\\Component\\Console\\Command\\Command->run()
#43 /homepages/42/d511037246/htdocs/clickandbuilds/BackendAPI/vendor/symfony/console/Application.php(1094): Illuminate\\Console\\Command->run()
#44 /homepages/42/d511037246/htdocs/clickandbuilds/BackendAPI/vendor/symfony/console/Application.php(342): Symfony\\Component\\Console\\Application->doRunCommand()
#45 /homepages/42/d511037246/htdocs/clickandbuilds/BackendAPI/vendor/symfony/console/Application.php(193): Symfony\\Component\\Console\\Application->doRun()
#46 /homepages/42/d511037246/htdocs/clickandbuilds/BackendAPI/vendor/laravel/framework/src/Illuminate/Foundation/Console/Kernel.php(198): Symfony\\Component\\Console\\Application->run()
#47 /homepages/42/d511037246/htdocs/clickandbuilds/BackendAPI/vendor/laravel/framework/src/Illuminate/Foundation/Application.php(1205): Illuminate\\Foundation\\Console\\Kernel->handle()
#48 /homepages/42/d511037246/htdocs/clickandbuilds/BackendAPI/artisan(13): Illuminate\\Foundation\\Application->handleCommand()
#49 {main}
"} 
[2025-02-03 21:50:44] local.ERROR: SQLSTATE[HY000] [2002] Connection refused (Connection: mysql, SQL: select exists (select 1 from information_schema.tables where table_schema = 'yisutravelbackend' and table_name = 'migrations' and table_type in ('BASE TABLE', 'SYSTEM VERSIONED')) as `exists`) {"exception":"[object] (Illuminate\\Database\\QueryException(code: 2002): SQLSTATE[HY000] [2002] Connection refused (Connection: mysql, SQL: select exists (select 1 from information_schema.tables where table_schema = 'yisutravelbackend' and table_name = 'migrations' and table_type in ('BASE TABLE', 'SYSTEM VERSIONED')) as `exists`) at /homepages/42/d511037246/htdocs/clickandbuilds/BackendAPI/vendor/laravel/framework/src/Illuminate/Database/Connection.php:825)
[stacktrace]
#0 /homepages/42/d511037246/htdocs/clickandbuilds/BackendAPI/vendor/laravel/framework/src/Illuminate/Database/Connection.php(979): Illuminate\\Database\\Connection->runQueryCallback()
#1 /homepages/42/d511037246/htdocs/clickandbuilds/BackendAPI/vendor/laravel/framework/src/Illuminate/Database/Connection.php(958): Illuminate\\Database\\Connection->tryAgainIfCausedByLostConnection()
#2 /homepages/42/d511037246/htdocs/clickandbuilds/BackendAPI/vendor/laravel/framework/src/Illuminate/Database/Connection.php(781): Illuminate\\Database\\Connection->handleQueryException()
#3 /homepages/42/d511037246/htdocs/clickandbuilds/BackendAPI/vendor/laravel/framework/src/Illuminate/Database/Connection.php(398): Illuminate\\Database\\Connection->run()
#4 /homepages/42/d511037246/htdocs/clickandbuilds/BackendAPI/vendor/laravel/framework/src/Illuminate/Database/Connection.php(344): Illuminate\\Database\\Connection->select()
#5 /homepages/42/d511037246/htdocs/clickandbuilds/BackendAPI/vendor/laravel/framework/src/Illuminate/Database/Connection.php(361): Illuminate\\Database\\Connection->selectOne()
#6 /homepages/42/d511037246/htdocs/clickandbuilds/BackendAPI/vendor/laravel/framework/src/Illuminate/Database/Schema/MySqlBuilder.php(45): Illuminate\\Database\\Connection->scalar()
#7 /homepages/42/d511037246/htdocs/clickandbuilds/BackendAPI/vendor/laravel/framework/src/Illuminate/Database/Migrations/DatabaseMigrationRepository.php(184): Illuminate\\Database\\Schema\\MySqlBuilder->hasTable()
#8 /homepages/42/d511037246/htdocs/clickandbuilds/BackendAPI/vendor/laravel/framework/src/Illuminate/Database/Migrations/Migrator.php(681): Illuminate\\Database\\Migrations\\DatabaseMigrationRepository->repositoryExists()
#9 /homepages/42/d511037246/htdocs/clickandbuilds/BackendAPI/vendor/laravel/framework/src/Illuminate/Database/Console/Migrations/ResetCommand.php(67): Illuminate\\Database\\Migrations\\Migrator->repositoryExists()
#10 /homepages/42/d511037246/htdocs/clickandbuilds/BackendAPI/vendor/laravel/framework/src/Illuminate/Database/Migrations/Migrator.php(616): Illuminate\\Database\\Console\\Migrations\\ResetCommand->Illuminate\\Database\\Console\\Migrations\\{closure}()
#11 /homepages/42/d511037246/htdocs/clickandbuilds/BackendAPI/vendor/laravel/framework/src/Illuminate/Database/Console/Migrations/ResetCommand.php(63): Illuminate\\Database\\Migrations\\Migrator->usingConnection()
#12 /homepages/42/d511037246/htdocs/clickandbuilds/BackendAPI/vendor/laravel/framework/src/Illuminate/Container/BoundMethod.php(36): Illuminate\\Database\\Console\\Migrations\\ResetCommand->handle()
#13 /homepages/42/d511037246/htdocs/clickandbuilds/BackendAPI/vendor/laravel/framework/src/Illuminate/Container/Util.php(43): Illuminate\\Container\\BoundMethod::Illuminate\\Container\\{closure}()
#14 /homepages/42/d511037246/htdocs/clickandbuilds/BackendAPI/vendor/laravel/framework/src/Illuminate/Container/BoundMethod.php(95): Illuminate\\Container\\Util::unwrapIfClosure()
#15 /homepages/42/d511037246/htdocs/clickandbuilds/BackendAPI/vendor/laravel/framework/src/Illuminate/Container/BoundMethod.php(35): Illuminate\\Container\\BoundMethod::callBoundMethod()
#16 /homepages/42/d511037246/htdocs/clickandbuilds/BackendAPI/vendor/laravel/framework/src/Illuminate/Container/Container.php(694): Illuminate\\Container\\BoundMethod::call()
#17 /homepages/42/d511037246/htdocs/clickandbuilds/BackendAPI/vendor/laravel/framework/src/Illuminate/Console/Command.php(213): Illuminate\\Container\\Container->call()
#18 /homepages/42/d511037246/htdocs/clickandbuilds/BackendAPI/vendor/symfony/console/Command/Command.php(279): Illuminate\\Console\\Command->execute()
#19 /homepages/42/d511037246/htdocs/clickandbuilds/BackendAPI/vendor/laravel/framework/src/Illuminate/Console/Command.php(182): Symfony\\Component\\Console\\Command\\Command->run()
#20 /homepages/42/d511037246/htdocs/clickandbuilds/BackendAPI/vendor/laravel/framework/src/Illuminate/Console/Concerns/CallsCommands.php(68): Illuminate\\Console\\Command->run()
#21 /homepages/42/d511037246/htdocs/clickandbuilds/BackendAPI/vendor/laravel/framework/src/Illuminate/Console/Concerns/CallsCommands.php(29): Illuminate\\Console\\Command->runCommand()
#22 /homepages/42/d511037246/htdocs/clickandbuilds/BackendAPI/vendor/laravel/framework/src/Illuminate/Database/Console/Migrations/RefreshCommand.php(113): Illuminate\\Console\\Command->call()
#23 /homepages/42/d511037246/htdocs/clickandbuilds/BackendAPI/vendor/laravel/framework/src/Illuminate/Database/Console/Migrations/RefreshCommand.php(59): Illuminate\\Database\\Console\\Migrations\\RefreshCommand->runReset()
#24 /homepages/42/d511037246/htdocs/clickandbuilds/BackendAPI/vendor/laravel/framework/src/Illuminate/Container/BoundMethod.php(36): Illuminate\\Database\\Console\\Migrations\\RefreshCommand->handle()
#25 /homepages/42/d511037246/htdocs/clickandbuilds/BackendAPI/vendor/laravel/framework/src/Illuminate/Container/Util.php(43): Illuminate\\Container\\BoundMethod::Illuminate\\Container\\{closure}()
#26 /homepages/42/d511037246/htdocs/clickandbuilds/BackendAPI/vendor/laravel/framework/src/Illuminate/Container/BoundMethod.php(95): Illuminate\\Container\\Util::unwrapIfClosure()
#27 /homepages/42/d511037246/htdocs/clickandbuilds/BackendAPI/vendor/laravel/framework/src/Illuminate/Container/BoundMethod.php(35): Illuminate\\Container\\BoundMethod::callBoundMethod()
#28 /homepages/42/d511037246/htdocs/clickandbuilds/BackendAPI/vendor/laravel/framework/src/Illuminate/Container/Container.php(694): Illuminate\\Container\\BoundMethod::call()
#29 /homepages/42/d511037246/htdocs/clickandbuilds/BackendAPI/vendor/laravel/framework/src/Illuminate/Console/Command.php(213): Illuminate\\Container\\Container->call()
#30 /homepages/42/d511037246/htdocs/clickandbuilds/BackendAPI/vendor/symfony/console/Command/Command.php(279): Illuminate\\Console\\Command->execute()
#31 /homepages/42/d511037246/htdocs/clickandbuilds/BackendAPI/vendor/laravel/framework/src/Illuminate/Console/Command.php(182): Symfony\\Component\\Console\\Command\\Command->run()
#32 /homepages/42/d511037246/htdocs/clickandbuilds/BackendAPI/vendor/symfony/console/Application.php(1094): Illuminate\\Console\\Command->run()
#33 /homepages/42/d511037246/htdocs/clickandbuilds/BackendAPI/vendor/symfony/console/Application.php(342): Symfony\\Component\\Console\\Application->doRunCommand()
#34 /homepages/42/d511037246/htdocs/clickandbuilds/BackendAPI/vendor/symfony/console/Application.php(193): Symfony\\Component\\Console\\Application->doRun()
#35 /homepages/42/d511037246/htdocs/clickandbuilds/BackendAPI/vendor/laravel/framework/src/Illuminate/Foundation/Console/Kernel.php(198): Symfony\\Component\\Console\\Application->run()
#36 /homepages/42/d511037246/htdocs/clickandbuilds/BackendAPI/vendor/laravel/framework/src/Illuminate/Foundation/Application.php(1205): Illuminate\\Foundation\\Console\\Kernel->handle()
#37 /homepages/42/d511037246/htdocs/clickandbuilds/BackendAPI/artisan(13): Illuminate\\Foundation\\Application->handleCommand()
#38 {main}

[previous exception] [object] (PDOException(code: 2002): SQLSTATE[HY000] [2002] Connection refused at /homepages/42/d511037246/htdocs/clickandbuilds/BackendAPI/vendor/laravel/framework/src/Illuminate/Database/Connectors/Connector.php:66)
[stacktrace]
#0 /homepages/42/d511037246/htdocs/clickandbuilds/BackendAPI/vendor/laravel/framework/src/Illuminate/Database/Connectors/Connector.php(66): PDO->__construct()
#1 /homepages/42/d511037246/htdocs/clickandbuilds/BackendAPI/vendor/laravel/framework/src/Illuminate/Database/Connectors/Connector.php(85): Illuminate\\Database\\Connectors\\Connector->createPdoConnection()
#2 /homepages/42/d511037246/htdocs/clickandbuilds/BackendAPI/vendor/laravel/framework/src/Illuminate/Database/Connectors/Connector.php(48): Illuminate\\Database\\Connectors\\Connector->tryAgainIfCausedByLostConnection()
#3 /homepages/42/d511037246/htdocs/clickandbuilds/BackendAPI/vendor/laravel/framework/src/Illuminate/Database/Connectors/MySqlConnector.php(24): Illuminate\\Database\\Connectors\\Connector->createConnection()
#4 /homepages/42/d511037246/htdocs/clickandbuilds/BackendAPI/vendor/laravel/framework/src/Illuminate/Database/Connectors/ConnectionFactory.php(185): Illuminate\\Database\\Connectors\\MySqlConnector->connect()
#5 [internal function]: Illuminate\\Database\\Connectors\\ConnectionFactory->Illuminate\\Database\\Connectors\\{closure}()
#6 /homepages/42/d511037246/htdocs/clickandbuilds/BackendAPI/vendor/laravel/framework/src/Illuminate/Database/Connection.php(1231): call_user_func()
#7 /homepages/42/d511037246/htdocs/clickandbuilds/BackendAPI/vendor/laravel/framework/src/Illuminate/Database/Connection.php(1267): Illuminate\\Database\\Connection->getPdo()
#8 /homepages/42/d511037246/htdocs/clickandbuilds/BackendAPI/vendor/laravel/framework/src/Illuminate/Database/Connection.php(512): Illuminate\\Database\\Connection->getReadPdo()
#9 /homepages/42/d511037246/htdocs/clickandbuilds/BackendAPI/vendor/laravel/framework/src/Illuminate/Database/Connection.php(407): Illuminate\\Database\\Connection->getPdoForSelect()
#10 /homepages/42/d511037246/htdocs/clickandbuilds/BackendAPI/vendor/laravel/framework/src/Illuminate/Database/Connection.php(812): Illuminate\\Database\\Connection->Illuminate\\Database\\{closure}()
#11 /homepages/42/d511037246/htdocs/clickandbuilds/BackendAPI/vendor/laravel/framework/src/Illuminate/Database/Connection.php(979): Illuminate\\Database\\Connection->runQueryCallback()
#12 /homepages/42/d511037246/htdocs/clickandbuilds/BackendAPI/vendor/laravel/framework/src/Illuminate/Database/Connection.php(958): Illuminate\\Database\\Connection->tryAgainIfCausedByLostConnection()
#13 /homepages/42/d511037246/htdocs/clickandbuilds/BackendAPI/vendor/laravel/framework/src/Illuminate/Database/Connection.php(781): Illuminate\\Database\\Connection->handleQueryException()
#14 /homepages/42/d511037246/htdocs/clickandbuilds/BackendAPI/vendor/laravel/framework/src/Illuminate/Database/Connection.php(398): Illuminate\\Database\\Connection->run()
#15 /homepages/42/d511037246/htdocs/clickandbuilds/BackendAPI/vendor/laravel/framework/src/Illuminate/Database/Connection.php(344): Illuminate\\Database\\Connection->select()
#16 /homepages/42/d511037246/htdocs/clickandbuilds/BackendAPI/vendor/laravel/framework/src/Illuminate/Database/Connection.php(361): Illuminate\\Database\\Connection->selectOne()
#17 /homepages/42/d511037246/htdocs/clickandbuilds/BackendAPI/vendor/laravel/framework/src/Illuminate/Database/Schema/MySqlBuilder.php(45): Illuminate\\Database\\Connection->scalar()
#18 /homepages/42/d511037246/htdocs/clickandbuilds/BackendAPI/vendor/laravel/framework/src/Illuminate/Database/Migrations/DatabaseMigrationRepository.php(184): Illuminate\\Database\\Schema\\MySqlBuilder->hasTable()
#19 /homepages/42/d511037246/htdocs/clickandbuilds/BackendAPI/vendor/laravel/framework/src/Illuminate/Database/Migrations/Migrator.php(681): Illuminate\\Database\\Migrations\\DatabaseMigrationRepository->repositoryExists()
#20 /homepages/42/d511037246/htdocs/clickandbuilds/BackendAPI/vendor/laravel/framework/src/Illuminate/Database/Console/Migrations/ResetCommand.php(67): Illuminate\\Database\\Migrations\\Migrator->repositoryExists()
#21 /homepages/42/d511037246/htdocs/clickandbuilds/BackendAPI/vendor/laravel/framework/src/Illuminate/Database/Migrations/Migrator.php(616): Illuminate\\Database\\Console\\Migrations\\ResetCommand->Illuminate\\Database\\Console\\Migrations\\{closure}()
#22 /homepages/42/d511037246/htdocs/clickandbuilds/BackendAPI/vendor/laravel/framework/src/Illuminate/Database/Console/Migrations/ResetCommand.php(63): Illuminate\\Database\\Migrations\\Migrator->usingConnection()
#23 /homepages/42/d511037246/htdocs/clickandbuilds/BackendAPI/vendor/laravel/framework/src/Illuminate/Container/BoundMethod.php(36): Illuminate\\Database\\Console\\Migrations\\ResetCommand->handle()
#24 /homepages/42/d511037246/htdocs/clickandbuilds/BackendAPI/vendor/laravel/framework/src/Illuminate/Container/Util.php(43): Illuminate\\Container\\BoundMethod::Illuminate\\Container\\{closure}()
#25 /homepages/42/d511037246/htdocs/clickandbuilds/BackendAPI/vendor/laravel/framework/src/Illuminate/Container/BoundMethod.php(95): Illuminate\\Container\\Util::unwrapIfClosure()
#26 /homepages/42/d511037246/htdocs/clickandbuilds/BackendAPI/vendor/laravel/framework/src/Illuminate/Container/BoundMethod.php(35): Illuminate\\Container\\BoundMethod::callBoundMethod()
#27 /homepages/42/d511037246/htdocs/clickandbuilds/BackendAPI/vendor/laravel/framework/src/Illuminate/Container/Container.php(694): Illuminate\\Container\\BoundMethod::call()
#28 /homepages/42/d511037246/htdocs/clickandbuilds/BackendAPI/vendor/laravel/framework/src/Illuminate/Console/Command.php(213): Illuminate\\Container\\Container->call()
#29 /homepages/42/d511037246/htdocs/clickandbuilds/BackendAPI/vendor/symfony/console/Command/Command.php(279): Illuminate\\Console\\Command->execute()
#30 /homepages/42/d511037246/htdocs/clickandbuilds/BackendAPI/vendor/laravel/framework/src/Illuminate/Console/Command.php(182): Symfony\\Component\\Console\\Command\\Command->run()
#31 /homepages/42/d511037246/htdocs/clickandbuilds/BackendAPI/vendor/laravel/framework/src/Illuminate/Console/Concerns/CallsCommands.php(68): Illuminate\\Console\\Command->run()
#32 /homepages/42/d511037246/htdocs/clickandbuilds/BackendAPI/vendor/laravel/framework/src/Illuminate/Console/Concerns/CallsCommands.php(29): Illuminate\\Console\\Command->runCommand()
#33 /homepages/42/d511037246/htdocs/clickandbuilds/BackendAPI/vendor/laravel/framework/src/Illuminate/Database/Console/Migrations/RefreshCommand.php(113): Illuminate\\Console\\Command->call()
#34 /homepages/42/d511037246/htdocs/clickandbuilds/BackendAPI/vendor/laravel/framework/src/Illuminate/Database/Console/Migrations/RefreshCommand.php(59): Illuminate\\Database\\Console\\Migrations\\RefreshCommand->runReset()
#35 /homepages/42/d511037246/htdocs/clickandbuilds/BackendAPI/vendor/laravel/framework/src/Illuminate/Container/BoundMethod.php(36): Illuminate\\Database\\Console\\Migrations\\RefreshCommand->handle()
#36 /homepages/42/d511037246/htdocs/clickandbuilds/BackendAPI/vendor/laravel/framework/src/Illuminate/Container/Util.php(43): Illuminate\\Container\\BoundMethod::Illuminate\\Container\\{closure}()
#37 /homepages/42/d511037246/htdocs/clickandbuilds/BackendAPI/vendor/laravel/framework/src/Illuminate/Container/BoundMethod.php(95): Illuminate\\Container\\Util::unwrapIfClosure()
#38 /homepages/42/d511037246/htdocs/clickandbuilds/BackendAPI/vendor/laravel/framework/src/Illuminate/Container/BoundMethod.php(35): Illuminate\\Container\\BoundMethod::callBoundMethod()
#39 /homepages/42/d511037246/htdocs/clickandbuilds/BackendAPI/vendor/laravel/framework/src/Illuminate/Container/Container.php(694): Illuminate\\Container\\BoundMethod::call()
#40 /homepages/42/d511037246/htdocs/clickandbuilds/BackendAPI/vendor/laravel/framework/src/Illuminate/Console/Command.php(213): Illuminate\\Container\\Container->call()
#41 /homepages/42/d511037246/htdocs/clickandbuilds/BackendAPI/vendor/symfony/console/Command/Command.php(279): Illuminate\\Console\\Command->execute()
#42 /homepages/42/d511037246/htdocs/clickandbuilds/BackendAPI/vendor/laravel/framework/src/Illuminate/Console/Command.php(182): Symfony\\Component\\Console\\Command\\Command->run()
#43 /homepages/42/d511037246/htdocs/clickandbuilds/BackendAPI/vendor/symfony/console/Application.php(1094): Illuminate\\Console\\Command->run()
#44 /homepages/42/d511037246/htdocs/clickandbuilds/BackendAPI/vendor/symfony/console/Application.php(342): Symfony\\Component\\Console\\Application->doRunCommand()
#45 /homepages/42/d511037246/htdocs/clickandbuilds/BackendAPI/vendor/symfony/console/Application.php(193): Symfony\\Component\\Console\\Application->doRun()
#46 /homepages/42/d511037246/htdocs/clickandbuilds/BackendAPI/vendor/laravel/framework/src/Illuminate/Foundation/Console/Kernel.php(198): Symfony\\Component\\Console\\Application->run()
#47 /homepages/42/d511037246/htdocs/clickandbuilds/BackendAPI/vendor/laravel/framework/src/Illuminate/Foundation/Application.php(1205): Illuminate\\Foundation\\Console\\Kernel->handle()
#48 /homepages/42/d511037246/htdocs/clickandbuilds/BackendAPI/artisan(13): Illuminate\\Foundation\\Application->handleCommand()
#49 {main}
"} 
[2025-02-03 21:52:39] local.ERROR: SQLSTATE[HY000] [2002] Connection refused (Connection: mysql, SQL: select exists (select 1 from information_schema.tables where table_schema = 'yisutravelbackend' and table_name = 'migrations' and table_type in ('BASE TABLE', 'SYSTEM VERSIONED')) as `exists`) {"exception":"[object] (Illuminate\\Database\\QueryException(code: 2002): SQLSTATE[HY000] [2002] Connection refused (Connection: mysql, SQL: select exists (select 1 from information_schema.tables where table_schema = 'yisutravelbackend' and table_name = 'migrations' and table_type in ('BASE TABLE', 'SYSTEM VERSIONED')) as `exists`) at /homepages/42/d511037246/htdocs/clickandbuilds/BackendAPI/vendor/laravel/framework/src/Illuminate/Database/Connection.php:825)
[stacktrace]
#0 /homepages/42/d511037246/htdocs/clickandbuilds/BackendAPI/vendor/laravel/framework/src/Illuminate/Database/Connection.php(979): Illuminate\\Database\\Connection->runQueryCallback()
#1 /homepages/42/d511037246/htdocs/clickandbuilds/BackendAPI/vendor/laravel/framework/src/Illuminate/Database/Connection.php(958): Illuminate\\Database\\Connection->tryAgainIfCausedByLostConnection()
#2 /homepages/42/d511037246/htdocs/clickandbuilds/BackendAPI/vendor/laravel/framework/src/Illuminate/Database/Connection.php(781): Illuminate\\Database\\Connection->handleQueryException()
#3 /homepages/42/d511037246/htdocs/clickandbuilds/BackendAPI/vendor/laravel/framework/src/Illuminate/Database/Connection.php(398): Illuminate\\Database\\Connection->run()
#4 /homepages/42/d511037246/htdocs/clickandbuilds/BackendAPI/vendor/laravel/framework/src/Illuminate/Database/Connection.php(344): Illuminate\\Database\\Connection->select()
#5 /homepages/42/d511037246/htdocs/clickandbuilds/BackendAPI/vendor/laravel/framework/src/Illuminate/Database/Connection.php(361): Illuminate\\Database\\Connection->selectOne()
#6 /homepages/42/d511037246/htdocs/clickandbuilds/BackendAPI/vendor/laravel/framework/src/Illuminate/Database/Schema/MySqlBuilder.php(45): Illuminate\\Database\\Connection->scalar()
#7 /homepages/42/d511037246/htdocs/clickandbuilds/BackendAPI/vendor/laravel/framework/src/Illuminate/Database/Migrations/DatabaseMigrationRepository.php(184): Illuminate\\Database\\Schema\\MySqlBuilder->hasTable()
#8 /homepages/42/d511037246/htdocs/clickandbuilds/BackendAPI/vendor/laravel/framework/src/Illuminate/Database/Migrations/Migrator.php(681): Illuminate\\Database\\Migrations\\DatabaseMigrationRepository->repositoryExists()
#9 /homepages/42/d511037246/htdocs/clickandbuilds/BackendAPI/vendor/laravel/framework/src/Illuminate/Database/Console/Migrations/MigrateCommand.php(164): Illuminate\\Database\\Migrations\\Migrator->repositoryExists()
#10 /homepages/42/d511037246/htdocs/clickandbuilds/BackendAPI/vendor/laravel/framework/src/Illuminate/Support/helpers.php(338): Illuminate\\Database\\Console\\Migrations\\MigrateCommand->Illuminate\\Database\\Console\\Migrations\\{closure}()
#11 /homepages/42/d511037246/htdocs/clickandbuilds/BackendAPI/vendor/laravel/framework/src/Illuminate/Database/Console/Migrations/MigrateCommand.php(164): retry()
#12 /homepages/42/d511037246/htdocs/clickandbuilds/BackendAPI/vendor/laravel/framework/src/Illuminate/Database/Console/Migrations/MigrateCommand.php(140): Illuminate\\Database\\Console\\Migrations\\MigrateCommand->repositoryExists()
#13 /homepages/42/d511037246/htdocs/clickandbuilds/BackendAPI/vendor/laravel/framework/src/Illuminate/Database/Console/Migrations/MigrateCommand.php(110): Illuminate\\Database\\Console\\Migrations\\MigrateCommand->prepareDatabase()
#14 /homepages/42/d511037246/htdocs/clickandbuilds/BackendAPI/vendor/laravel/framework/src/Illuminate/Database/Migrations/Migrator.php(616): Illuminate\\Database\\Console\\Migrations\\MigrateCommand->Illuminate\\Database\\Console\\Migrations\\{closure}()
#15 /homepages/42/d511037246/htdocs/clickandbuilds/BackendAPI/vendor/laravel/framework/src/Illuminate/Database/Console/Migrations/MigrateCommand.php(109): Illuminate\\Database\\Migrations\\Migrator->usingConnection()
#16 /homepages/42/d511037246/htdocs/clickandbuilds/BackendAPI/vendor/laravel/framework/src/Illuminate/Database/Console/Migrations/MigrateCommand.php(88): Illuminate\\Database\\Console\\Migrations\\MigrateCommand->runMigrations()
#17 /homepages/42/d511037246/htdocs/clickandbuilds/BackendAPI/vendor/laravel/framework/src/Illuminate/Container/BoundMethod.php(36): Illuminate\\Database\\Console\\Migrations\\MigrateCommand->handle()
#18 /homepages/42/d511037246/htdocs/clickandbuilds/BackendAPI/vendor/laravel/framework/src/Illuminate/Container/Util.php(43): Illuminate\\Container\\BoundMethod::Illuminate\\Container\\{closure}()
#19 /homepages/42/d511037246/htdocs/clickandbuilds/BackendAPI/vendor/laravel/framework/src/Illuminate/Container/BoundMethod.php(95): Illuminate\\Container\\Util::unwrapIfClosure()
#20 /homepages/42/d511037246/htdocs/clickandbuilds/BackendAPI/vendor/laravel/framework/src/Illuminate/Container/BoundMethod.php(35): Illuminate\\Container\\BoundMethod::callBoundMethod()
#21 /homepages/42/d511037246/htdocs/clickandbuilds/BackendAPI/vendor/laravel/framework/src/Illuminate/Container/Container.php(694): Illuminate\\Container\\BoundMethod::call()
#22 /homepages/42/d511037246/htdocs/clickandbuilds/BackendAPI/vendor/laravel/framework/src/Illuminate/Console/Command.php(213): Illuminate\\Container\\Container->call()
#23 /homepages/42/d511037246/htdocs/clickandbuilds/BackendAPI/vendor/symfony/console/Command/Command.php(279): Illuminate\\Console\\Command->execute()
#24 /homepages/42/d511037246/htdocs/clickandbuilds/BackendAPI/vendor/laravel/framework/src/Illuminate/Console/Command.php(182): Symfony\\Component\\Console\\Command\\Command->run()
#25 /homepages/42/d511037246/htdocs/clickandbuilds/BackendAPI/vendor/symfony/console/Application.php(1094): Illuminate\\Console\\Command->run()
#26 /homepages/42/d511037246/htdocs/clickandbuilds/BackendAPI/vendor/symfony/console/Application.php(342): Symfony\\Component\\Console\\Application->doRunCommand()
#27 /homepages/42/d511037246/htdocs/clickandbuilds/BackendAPI/vendor/symfony/console/Application.php(193): Symfony\\Component\\Console\\Application->doRun()
#28 /homepages/42/d511037246/htdocs/clickandbuilds/BackendAPI/vendor/laravel/framework/src/Illuminate/Foundation/Console/Kernel.php(198): Symfony\\Component\\Console\\Application->run()
#29 /homepages/42/d511037246/htdocs/clickandbuilds/BackendAPI/vendor/laravel/framework/src/Illuminate/Foundation/Application.php(1205): Illuminate\\Foundation\\Console\\Kernel->handle()
#30 /homepages/42/d511037246/htdocs/clickandbuilds/BackendAPI/artisan(13): Illuminate\\Foundation\\Application->handleCommand()
#31 {main}

[previous exception] [object] (PDOException(code: 2002): SQLSTATE[HY000] [2002] Connection refused at /homepages/42/d511037246/htdocs/clickandbuilds/BackendAPI/vendor/laravel/framework/src/Illuminate/Database/Connectors/Connector.php:66)
[stacktrace]
#0 /homepages/42/d511037246/htdocs/clickandbuilds/BackendAPI/vendor/laravel/framework/src/Illuminate/Database/Connectors/Connector.php(66): PDO->__construct()
#1 /homepages/42/d511037246/htdocs/clickandbuilds/BackendAPI/vendor/laravel/framework/src/Illuminate/Database/Connectors/Connector.php(85): Illuminate\\Database\\Connectors\\Connector->createPdoConnection()
#2 /homepages/42/d511037246/htdocs/clickandbuilds/BackendAPI/vendor/laravel/framework/src/Illuminate/Database/Connectors/Connector.php(48): Illuminate\\Database\\Connectors\\Connector->tryAgainIfCausedByLostConnection()
#3 /homepages/42/d511037246/htdocs/clickandbuilds/BackendAPI/vendor/laravel/framework/src/Illuminate/Database/Connectors/MySqlConnector.php(24): Illuminate\\Database\\Connectors\\Connector->createConnection()
#4 /homepages/42/d511037246/htdocs/clickandbuilds/BackendAPI/vendor/laravel/framework/src/Illuminate/Database/Connectors/ConnectionFactory.php(185): Illuminate\\Database\\Connectors\\MySqlConnector->connect()
#5 [internal function]: Illuminate\\Database\\Connectors\\ConnectionFactory->Illuminate\\Database\\Connectors\\{closure}()
#6 /homepages/42/d511037246/htdocs/clickandbuilds/BackendAPI/vendor/laravel/framework/src/Illuminate/Database/Connection.php(1231): call_user_func()
#7 /homepages/42/d511037246/htdocs/clickandbuilds/BackendAPI/vendor/laravel/framework/src/Illuminate/Database/Connection.php(1267): Illuminate\\Database\\Connection->getPdo()
#8 /homepages/42/d511037246/htdocs/clickandbuilds/BackendAPI/vendor/laravel/framework/src/Illuminate/Database/Connection.php(512): Illuminate\\Database\\Connection->getReadPdo()
#9 /homepages/42/d511037246/htdocs/clickandbuilds/BackendAPI/vendor/laravel/framework/src/Illuminate/Database/Connection.php(407): Illuminate\\Database\\Connection->getPdoForSelect()
#10 /homepages/42/d511037246/htdocs/clickandbuilds/BackendAPI/vendor/laravel/framework/src/Illuminate/Database/Connection.php(812): Illuminate\\Database\\Connection->Illuminate\\Database\\{closure}()
#11 /homepages/42/d511037246/htdocs/clickandbuilds/BackendAPI/vendor/laravel/framework/src/Illuminate/Database/Connection.php(979): Illuminate\\Database\\Connection->runQueryCallback()
#12 /homepages/42/d511037246/htdocs/clickandbuilds/BackendAPI/vendor/laravel/framework/src/Illuminate/Database/Connection.php(958): Illuminate\\Database\\Connection->tryAgainIfCausedByLostConnection()
#13 /homepages/42/d511037246/htdocs/clickandbuilds/BackendAPI/vendor/laravel/framework/src/Illuminate/Database/Connection.php(781): Illuminate\\Database\\Connection->handleQueryException()
#14 /homepages/42/d511037246/htdocs/clickandbuilds/BackendAPI/vendor/laravel/framework/src/Illuminate/Database/Connection.php(398): Illuminate\\Database\\Connection->run()
#15 /homepages/42/d511037246/htdocs/clickandbuilds/BackendAPI/vendor/laravel/framework/src/Illuminate/Database/Connection.php(344): Illuminate\\Database\\Connection->select()
#16 /homepages/42/d511037246/htdocs/clickandbuilds/BackendAPI/vendor/laravel/framework/src/Illuminate/Database/Connection.php(361): Illuminate\\Database\\Connection->selectOne()
#17 /homepages/42/d511037246/htdocs/clickandbuilds/BackendAPI/vendor/laravel/framework/src/Illuminate/Database/Schema/MySqlBuilder.php(45): Illuminate\\Database\\Connection->scalar()
#18 /homepages/42/d511037246/htdocs/clickandbuilds/BackendAPI/vendor/laravel/framework/src/Illuminate/Database/Migrations/DatabaseMigrationRepository.php(184): Illuminate\\Database\\Schema\\MySqlBuilder->hasTable()
#19 /homepages/42/d511037246/htdocs/clickandbuilds/BackendAPI/vendor/laravel/framework/src/Illuminate/Database/Migrations/Migrator.php(681): Illuminate\\Database\\Migrations\\DatabaseMigrationRepository->repositoryExists()
#20 /homepages/42/d511037246/htdocs/clickandbuilds/BackendAPI/vendor/laravel/framework/src/Illuminate/Database/Console/Migrations/MigrateCommand.php(164): Illuminate\\Database\\Migrations\\Migrator->repositoryExists()
#21 /homepages/42/d511037246/htdocs/clickandbuilds/BackendAPI/vendor/laravel/framework/src/Illuminate/Support/helpers.php(338): Illuminate\\Database\\Console\\Migrations\\MigrateCommand->Illuminate\\Database\\Console\\Migrations\\{closure}()
#22 /homepages/42/d511037246/htdocs/clickandbuilds/BackendAPI/vendor/laravel/framework/src/Illuminate/Database/Console/Migrations/MigrateCommand.php(164): retry()
#23 /homepages/42/d511037246/htdocs/clickandbuilds/BackendAPI/vendor/laravel/framework/src/Illuminate/Database/Console/Migrations/MigrateCommand.php(140): Illuminate\\Database\\Console\\Migrations\\MigrateCommand->repositoryExists()
#24 /homepages/42/d511037246/htdocs/clickandbuilds/BackendAPI/vendor/laravel/framework/src/Illuminate/Database/Console/Migrations/MigrateCommand.php(110): Illuminate\\Database\\Console\\Migrations\\MigrateCommand->prepareDatabase()
#25 /homepages/42/d511037246/htdocs/clickandbuilds/BackendAPI/vendor/laravel/framework/src/Illuminate/Database/Migrations/Migrator.php(616): Illuminate\\Database\\Console\\Migrations\\MigrateCommand->Illuminate\\Database\\Console\\Migrations\\{closure}()
#26 /homepages/42/d511037246/htdocs/clickandbuilds/BackendAPI/vendor/laravel/framework/src/Illuminate/Database/Console/Migrations/MigrateCommand.php(109): Illuminate\\Database\\Migrations\\Migrator->usingConnection()
#27 /homepages/42/d511037246/htdocs/clickandbuilds/BackendAPI/vendor/laravel/framework/src/Illuminate/Database/Console/Migrations/MigrateCommand.php(88): Illuminate\\Database\\Console\\Migrations\\MigrateCommand->runMigrations()
#28 /homepages/42/d511037246/htdocs/clickandbuilds/BackendAPI/vendor/laravel/framework/src/Illuminate/Container/BoundMethod.php(36): Illuminate\\Database\\Console\\Migrations\\MigrateCommand->handle()
#29 /homepages/42/d511037246/htdocs/clickandbuilds/BackendAPI/vendor/laravel/framework/src/Illuminate/Container/Util.php(43): Illuminate\\Container\\BoundMethod::Illuminate\\Container\\{closure}()
#30 /homepages/42/d511037246/htdocs/clickandbuilds/BackendAPI/vendor/laravel/framework/src/Illuminate/Container/BoundMethod.php(95): Illuminate\\Container\\Util::unwrapIfClosure()
#31 /homepages/42/d511037246/htdocs/clickandbuilds/BackendAPI/vendor/laravel/framework/src/Illuminate/Container/BoundMethod.php(35): Illuminate\\Container\\BoundMethod::callBoundMethod()
#32 /homepages/42/d511037246/htdocs/clickandbuilds/BackendAPI/vendor/laravel/framework/src/Illuminate/Container/Container.php(694): Illuminate\\Container\\BoundMethod::call()
#33 /homepages/42/d511037246/htdocs/clickandbuilds/BackendAPI/vendor/laravel/framework/src/Illuminate/Console/Command.php(213): Illuminate\\Container\\Container->call()
#34 /homepages/42/d511037246/htdocs/clickandbuilds/BackendAPI/vendor/symfony/console/Command/Command.php(279): Illuminate\\Console\\Command->execute()
#35 /homepages/42/d511037246/htdocs/clickandbuilds/BackendAPI/vendor/laravel/framework/src/Illuminate/Console/Command.php(182): Symfony\\Component\\Console\\Command\\Command->run()
#36 /homepages/42/d511037246/htdocs/clickandbuilds/BackendAPI/vendor/symfony/console/Application.php(1094): Illuminate\\Console\\Command->run()
#37 /homepages/42/d511037246/htdocs/clickandbuilds/BackendAPI/vendor/symfony/console/Application.php(342): Symfony\\Component\\Console\\Application->doRunCommand()
#38 /homepages/42/d511037246/htdocs/clickandbuilds/BackendAPI/vendor/symfony/console/Application.php(193): Symfony\\Component\\Console\\Application->doRun()
#39 /homepages/42/d511037246/htdocs/clickandbuilds/BackendAPI/vendor/laravel/framework/src/Illuminate/Foundation/Console/Kernel.php(198): Symfony\\Component\\Console\\Application->run()
#40 /homepages/42/d511037246/htdocs/clickandbuilds/BackendAPI/vendor/laravel/framework/src/Illuminate/Foundation/Application.php(1205): Illuminate\\Foundation\\Console\\Kernel->handle()
#41 /homepages/42/d511037246/htdocs/clickandbuilds/BackendAPI/artisan(13): Illuminate\\Foundation\\Application->handleCommand()
#42 {main}
"} 
